2025-08-11 23:10:05,816 - __main__ - INFO - Starting Donation Platform Jira sync...
2025-08-11 23:10:05,817 - __main__ - INFO - Using File System storage
2025-08-11 23:10:05,819 - __main__ - INFO - File system directories initialized
2025-08-11 23:10:05,819 - __main__ - INFO - Storage Type: File System
2025-08-11 23:10:05,820 - __main__ - INFO - Project: Donation Platform (DP) - ID: 10000
2025-08-11 23:10:05,820 - __main__ - INFO - Data Directory: donation_platform_data
2025-08-11 23:10:05,822 - __main__ - INFO - File system directories initialized
2025-08-11 23:10:05,823 - __main__ - INFO - Fetching Donation Platform project data...
2025-08-11 23:10:06,858 - __main__ - INFO - Project: Donation Platform (DP)
2025-08-11 23:10:06,858 - __main__ - INFO - Fetching Donation Platform issues...
2025-08-11 23:10:07,425 - __main__ - INFO - Fetched 8 issues (total: 8)
2025-08-11 23:10:07,426 - __main__ - INFO - Saving 8 Donation Platform issues to file system...
2025-08-11 23:10:07,431 - __main__ - INFO - Saved 8 issues to file system
2025-08-11 23:10:07,431 - __main__ - INFO - Donation Platform sync completed successfully!
2025-08-11 23:10:07,432 - __main__ - INFO - === DONATION PLATFORM STATISTICS ===
2025-08-11 23:10:07,433 - __main__ - INFO - Total Issues: 8
2025-08-11 23:10:07,433 - __main__ - INFO - Active: 4
2025-08-11 23:10:07,433 - __main__ - INFO - Closed: 0
2025-08-11 23:10:07,433 - __main__ - INFO - Todo: 3
2025-08-11 23:10:07,434 - __main__ - INFO - Last Updated: 2025-08-11T23:10:07.428684
2025-08-11 23:10:39,187 - __main__ - INFO - Using File System storage
2025-08-11 23:10:39,188 - __main__ - INFO - File system directories initialized
2025-08-11 23:10:39,189 - __main__ - INFO - File system directories initialized
2025-08-12 00:20:12,219 - werkzeug - INFO - [31m[1mWARNING: This is a development server. Do not use it in a production deployment. Use a production WSGI server instead.[0m
 * Running on all addresses (0.0.0.0)
 * Running on http://127.0.0.1:5000
 * Running on http://192.168.1.10:5000
2025-08-12 00:20:12,220 - werkzeug - INFO - [33mPress CTRL+C to quit[0m
